2020-06-30 17:43:28.175 [main] INFO  com.atguigu.eduservice.EduApplication - Starting EduApplication on yanggongcangdeMacBook-Pro.local with PID 63891 (/Users/yanggongcang/IdeaProjects/SpringBoot/guli_parent/service/service_edu/target/classes started by yanggongcang in /Users/yanggongcang/IdeaProjects/SpringBoot/guli_parent)
2020-06-30 17:43:28.178 [main] INFO  com.atguigu.eduservice.EduApplication - The following profiles are active: dev
2020-06-30 17:43:29.016 [main] INFO  o.s.d.r.config.RepositoryConfigurationDelegate - Multiple Spring Data modules found, entering strict repository configuration mode!
2020-06-30 17:43:29.017 [main] INFO  o.s.d.r.config.RepositoryConfigurationDelegate - Bootstrapping Spring Data repositories in DEFAULT mode.
2020-06-30 17:43:29.038 [main] INFO  o.s.d.r.config.RepositoryConfigurationDelegate - Finished Spring Data repository scanning in 7ms. Found 0 repository interfaces.
2020-06-30 17:43:29.244 [main] INFO  o.s.c.s.PostProcessorRegistrationDelegate$BeanPostProcessorChecker - Bean 'org.springframework.transaction.annotation.ProxyTransactionManagementConfiguration' of type [org.springframework.transaction.annotation.ProxyTransactionManagementConfiguration] is not eligible for getting processed by all BeanPostProcessors (for example: not eligible for auto-proxying)
2020-06-30 17:43:29.450 [main] INFO  o.s.boot.web.embedded.tomcat.TomcatWebServer - Tomcat initialized with port(s): 8001 (http)
2020-06-30 17:43:29.459 [main] INFO  org.apache.coyote.http11.Http11NioProtocol - Initializing ProtocolHandler ["http-nio-8001"]
2020-06-30 17:43:29.460 [main] INFO  org.apache.catalina.core.StandardService - Starting service [Tomcat]
2020-06-30 17:43:29.460 [main] INFO  org.apache.catalina.core.StandardEngine - Starting Servlet engine: [Apache Tomcat/9.0.27]
2020-06-30 17:43:29.532 [main] INFO  o.a.c.core.ContainerBase.[Tomcat].[localhost].[/] - Initializing Spring embedded WebApplicationContext
2020-06-30 17:43:29.532 [main] INFO  org.springframework.web.context.ContextLoader - Root WebApplicationContext: initialization completed in 1314 ms
2020-06-30 17:43:29.676 [main] INFO  com.zaxxer.hikari.HikariDataSource - HikariPool-1 - Starting...
2020-06-30 17:43:29.959 [main] INFO  com.zaxxer.hikari.HikariDataSource - HikariPool-1 - Start completed.
2020-06-30 17:43:30.345 [main] INFO  s.d.s.w.PropertySourcedRequestMappingHandlerMapping - Mapped URL path [/v2/api-docs] onto method [springfox.documentation.swagger2.web.Swagger2Controller#getDocumentation(String, HttpServletRequest)]
2020-06-30 17:43:30.439 [main] INFO  o.s.scheduling.concurrent.ThreadPoolTaskExecutor - Initializing ExecutorService 'applicationTaskExecutor'
2020-06-30 17:43:30.776 [main] INFO  s.d.s.web.plugins.DocumentationPluginsBootstrapper - Context refreshed
2020-06-30 17:43:30.787 [main] INFO  s.d.s.web.plugins.DocumentationPluginsBootstrapper - Found 1 custom documentation plugin(s)
2020-06-30 17:43:30.806 [main] INFO  s.d.spring.web.scanners.ApiListingReferenceScanner - Scanning for api listing references
2020-06-30 17:43:30.945 [main] INFO  org.apache.coyote.http11.Http11NioProtocol - Starting ProtocolHandler ["http-nio-8001"]
2020-06-30 17:43:30.965 [main] INFO  o.s.boot.web.embedded.tomcat.TomcatWebServer - Tomcat started on port(s): 8001 (http) with context path ''
2020-06-30 17:43:30.968 [main] INFO  com.atguigu.eduservice.EduApplication - Started EduApplication in 3.179 seconds (JVM running for 3.989)
2020-06-30 18:38:37.483 [http-nio-8001-exec-2] INFO  o.a.c.core.ContainerBase.[Tomcat].[localhost].[/] - Initializing Spring DispatcherServlet 'dispatcherServlet'
2020-06-30 18:38:37.484 [http-nio-8001-exec-2] INFO  org.springframework.web.servlet.DispatcherServlet - Initializing Servlet 'dispatcherServlet'
2020-06-30 18:38:37.495 [http-nio-8001-exec-2] INFO  org.springframework.web.servlet.DispatcherServlet - Completed initialization in 10 ms
2020-06-30 18:39:14.676 [SpringContextShutdownHook] INFO  o.s.scheduling.concurrent.ThreadPoolTaskExecutor - Shutting down ExecutorService 'applicationTaskExecutor'
2020-06-30 18:39:14.678 [SpringContextShutdownHook] INFO  com.zaxxer.hikari.HikariDataSource - HikariPool-1 - Shutdown initiated...
2020-06-30 18:39:14.685 [SpringContextShutdownHook] INFO  com.zaxxer.hikari.HikariDataSource - HikariPool-1 - Shutdown completed.
2020-06-30 18:39:18.668 [main] INFO  com.atguigu.eduservice.EduApplication - Starting EduApplication on yanggongcangdeMacBook-Pro.local with PID 64327 (/Users/yanggongcang/IdeaProjects/SpringBoot/guli_parent/service/service_edu/target/classes started by yanggongcang in /Users/yanggongcang/IdeaProjects/SpringBoot/guli_parent)
2020-06-30 18:39:18.673 [main] INFO  com.atguigu.eduservice.EduApplication - The following profiles are active: dev
2020-06-30 18:39:19.510 [main] INFO  o.s.d.r.config.RepositoryConfigurationDelegate - Multiple Spring Data modules found, entering strict repository configuration mode!
2020-06-30 18:39:19.512 [main] INFO  o.s.d.r.config.RepositoryConfigurationDelegate - Bootstrapping Spring Data repositories in DEFAULT mode.
2020-06-30 18:39:19.533 [main] INFO  o.s.d.r.config.RepositoryConfigurationDelegate - Finished Spring Data repository scanning in 9ms. Found 0 repository interfaces.
2020-06-30 18:39:19.735 [main] INFO  o.s.c.s.PostProcessorRegistrationDelegate$BeanPostProcessorChecker - Bean 'org.springframework.transaction.annotation.ProxyTransactionManagementConfiguration' of type [org.springframework.transaction.annotation.ProxyTransactionManagementConfiguration] is not eligible for getting processed by all BeanPostProcessors (for example: not eligible for auto-proxying)
2020-06-30 18:39:19.945 [main] INFO  o.s.boot.web.embedded.tomcat.TomcatWebServer - Tomcat initialized with port(s): 8001 (http)
2020-06-30 18:39:19.952 [main] INFO  org.apache.coyote.http11.Http11NioProtocol - Initializing ProtocolHandler ["http-nio-8001"]
2020-06-30 18:39:19.953 [main] INFO  org.apache.catalina.core.StandardService - Starting service [Tomcat]
2020-06-30 18:39:19.953 [main] INFO  org.apache.catalina.core.StandardEngine - Starting Servlet engine: [Apache Tomcat/9.0.27]
2020-06-30 18:39:20.021 [main] INFO  o.a.c.core.ContainerBase.[Tomcat].[localhost].[/] - Initializing Spring embedded WebApplicationContext
2020-06-30 18:39:20.021 [main] INFO  org.springframework.web.context.ContextLoader - Root WebApplicationContext: initialization completed in 1285 ms
2020-06-30 18:39:20.161 [main] INFO  com.zaxxer.hikari.HikariDataSource - HikariPool-1 - Starting...
2020-06-30 18:39:20.426 [main] INFO  com.zaxxer.hikari.HikariDataSource - HikariPool-1 - Start completed.
2020-06-30 18:39:20.785 [main] INFO  s.d.s.w.PropertySourcedRequestMappingHandlerMapping - Mapped URL path [/v2/api-docs] onto method [springfox.documentation.swagger2.web.Swagger2Controller#getDocumentation(String, HttpServletRequest)]
2020-06-30 18:39:20.869 [main] INFO  o.s.scheduling.concurrent.ThreadPoolTaskExecutor - Initializing ExecutorService 'applicationTaskExecutor'
2020-06-30 18:39:21.186 [main] INFO  s.d.s.web.plugins.DocumentationPluginsBootstrapper - Context refreshed
2020-06-30 18:39:21.197 [main] INFO  s.d.s.web.plugins.DocumentationPluginsBootstrapper - Found 1 custom documentation plugin(s)
2020-06-30 18:39:21.217 [main] INFO  s.d.spring.web.scanners.ApiListingReferenceScanner - Scanning for api listing references
2020-06-30 18:39:21.351 [main] INFO  org.apache.coyote.http11.Http11NioProtocol - Starting ProtocolHandler ["http-nio-8001"]
2020-06-30 18:39:21.371 [main] INFO  o.s.boot.web.embedded.tomcat.TomcatWebServer - Tomcat started on port(s): 8001 (http) with context path ''
2020-06-30 18:39:21.373 [main] INFO  com.atguigu.eduservice.EduApplication - Started EduApplication in 3.046 seconds (JVM running for 3.803)
2020-06-30 18:39:45.716 [http-nio-8001-exec-1] INFO  o.a.c.core.ContainerBase.[Tomcat].[localhost].[/] - Initializing Spring DispatcherServlet 'dispatcherServlet'
2020-06-30 18:39:45.717 [http-nio-8001-exec-1] INFO  org.springframework.web.servlet.DispatcherServlet - Initializing Servlet 'dispatcherServlet'
2020-06-30 18:39:45.723 [http-nio-8001-exec-1] INFO  org.springframework.web.servlet.DispatcherServlet - Completed initialization in 6 ms
2020-06-30 19:11:40.894 [SpringContextShutdownHook] INFO  o.s.scheduling.concurrent.ThreadPoolTaskExecutor - Shutting down ExecutorService 'applicationTaskExecutor'
2020-06-30 19:11:40.897 [SpringContextShutdownHook] INFO  com.zaxxer.hikari.HikariDataSource - HikariPool-1 - Shutdown initiated...
2020-06-30 19:11:40.903 [SpringContextShutdownHook] INFO  com.zaxxer.hikari.HikariDataSource - HikariPool-1 - Shutdown completed.
